****                   ADMIXTURE Version 1.3.0                  ****
****                    Copyright 2008-2015                     ****
****           David Alexander, Suyash Shringarpure,            ****
****                John  Novembre, Ken Lange                   ****
****                                                            ****
****                 Please cite our paper!                     ****
****   Information at www.genetics.ucla.edu/software/admixture  ****

Cross-validation will be performed.  Folds=10.
Random seed: 1739379809
Point estimation method: Block relaxation algorithm
Convergence acceleration algorithm: QuasiNewton, 3 secant conditions
Point estimation will terminate when objective function delta < 0.0001
Estimation of standard errors disabled; will compute point estimates only.
Size of G: 96x743
Performing five EM steps to prime main algorithm
1 (EM) 	Elapsed: 0.001	Loglikelihood: -45273.6	(delta): 87436.9
2 (EM) 	Elapsed: 0.001	Loglikelihood: -45273.6	(delta): 0
3 (EM) 	Elapsed: 0.001	Loglikelihood: -45273.6	(delta): 0
4 (EM) 	Elapsed: 0.001	Loglikelihood: -45273.6	(delta): 0
5 (EM) 	Elapsed: 0.001	Loglikelihood: -45273.6	(delta): 0
Initial loglikelihood: -45273.6
Starting main algorithm
1 (QN/Block) 	Elapsed: 0.003	Loglikelihood: -45273.6	(delta): 0
Summary: 
Converged in 1 iterations (0.014 sec)
Loglikelihood: -45273.568558
CV error (K=1): 0.40351
Writing output files.
