****                   ADMIXTURE Version 1.3.0                  ****
****                    Copyright 2008-2015                     ****
****           David Alexander, Suyash Shringarpure,            ****
****                John  Novembre, Ken Lange                   ****
****                                                            ****
****                 Please cite our paper!                     ****
****   Information at www.genetics.ucla.edu/software/admixture  ****

Cross-validation will be performed.  Folds=10.
Random seed: 1739379809
Point estimation method: Block relaxation algorithm
Convergence acceleration algorithm: QuasiNewton, 3 secant conditions
Point estimation will terminate when objective function delta < 0.0001
Estimation of standard errors disabled; will compute point estimates only.
Size of G: 96x743
Performing five EM steps to prime main algorithm
1 (EM) 	Elapsed: 0.002	Loglikelihood: -47211.7	(delta): 65374.4
2 (EM) 	Elapsed: 0.002	Loglikelihood: -45676.2	(delta): 1535.55
3 (EM) 	Elapsed: 0.002	Loglikelihood: -45254.9	(delta): 421.26
4 (EM) 	Elapsed: 0.002	Loglikelihood: -45062.6	(delta): 192.325
5 (EM) 	Elapsed: 0.002	Loglikelihood: -44960.5	(delta): 102.053
Initial loglikelihood: -44960.5
Starting main algorithm
1 (QN/Block) 	Elapsed: 0.006	Loglikelihood: -44116.1	(delta): 844.419
2 (QN/Block) 	Elapsed: 0.006	Loglikelihood: -43717.5	(delta): 398.602
3 (QN/Block) 	Elapsed: 0.008	Loglikelihood: -43642.7	(delta): 74.7734
4 (QN/Block) 	Elapsed: 0.007	Loglikelihood: -43628.7	(delta): 14.0209
5 (QN/Block) 	Elapsed: 0.007	Loglikelihood: -43625.8	(delta): 2.94502
6 (QN/Block) 	Elapsed: 0.009	Loglikelihood: -43625.7	(delta): 0.098939
7 (QN/Block) 	Elapsed: 0.008	Loglikelihood: -43625.7	(delta): 0.00259521
8 (QN/Block) 	Elapsed: 0.007	Loglikelihood: -43625.7	(delta): 0.00116211
9 (QN/Block) 	Elapsed: 0.008	Loglikelihood: -43625.7	(delta): 0.00010631
10 (QN/Block) 	Elapsed: 0.007	Loglikelihood: -43625.7	(delta): 1.27183e-05
Summary: 
Converged in 10 iterations (0.102 sec)
Loglikelihood: -43625.663088
Fst divergences between estimated populations: 
	Pop0	
Pop0	
Pop1	0.072	
CV error (K=2): 0.40204
Writing output files.
