****                   ADMIXTURE Version 1.3.0                  ****
****                    Copyright 2008-2015                     ****
****           David Alexander, Suyash Shringarpure,            ****
****                John  Novembre, Ken Lange                   ****
****                                                            ****
****                 Please cite our paper!                     ****
****   Information at www.genetics.ucla.edu/software/admixture  ****

Cross-validation will be performed.  Folds=10.
Random seed: 1739379810
Point estimation method: Block relaxation algorithm
Convergence acceleration algorithm: QuasiNewton, 3 secant conditions
Point estimation will terminate when objective function delta < 0.0001
Estimation of standard errors disabled; will compute point estimates only.
Size of G: 96x743
Performing five EM steps to prime main algorithm
1 (EM) 	Elapsed: 0.004	Loglikelihood: -48095.7	(delta): 55792
2 (EM) 	Elapsed: 0.004	Loglikelihood: -45948.7	(delta): 2147.05
3 (EM) 	Elapsed: 0.004	Loglikelihood: -45428.2	(delta): 520.483
4 (EM) 	Elapsed: 0.004	Loglikelihood: -45126.6	(delta): 301.608
5 (EM) 	Elapsed: 0.004	Loglikelihood: -44920.6	(delta): 205.98
Initial loglikelihood: -44920.6
Starting main algorithm
1 (QN/Block) 	Elapsed: 0.012	Loglikelihood: -43719.9	(delta): 1200.63
2 (QN/Block) 	Elapsed: 0.012	Loglikelihood: -42980.9	(delta): 739.02
3 (QN/Block) 	Elapsed: 0.014	Loglikelihood: -42788.2	(delta): 192.677
4 (QN/Block) 	Elapsed: 0.014	Loglikelihood: -42698.5	(delta): 89.7082
5 (QN/Block) 	Elapsed: 0.014	Loglikelihood: -42655.1	(delta): 43.4086
6 (QN/Block) 	Elapsed: 0.014	Loglikelihood: -42640.7	(delta): 14.3863
7 (QN/Block) 	Elapsed: 0.014	Loglikelihood: -42624.9	(delta): 15.8169
8 (QN/Block) 	Elapsed: 0.014	Loglikelihood: -42617.5	(delta): 7.40057
9 (QN/Block) 	Elapsed: 0.014	Loglikelihood: -42611.7	(delta): 5.83453
10 (QN/Block) 	Elapsed: 0.015	Loglikelihood: -42606.8	(delta): 4.90322
11 (QN/Block) 	Elapsed: 0.016	Loglikelihood: -42603.1	(delta): 3.68821
12 (QN/Block) 	Elapsed: 0.015	Loglikelihood: -42598.5	(delta): 4.64359
13 (QN/Block) 	Elapsed: 0.015	Loglikelihood: -42598.4	(delta): 0.083917
14 (QN/Block) 	Elapsed: 0.015	Loglikelihood: -42588.5	(delta): 9.89195
15 (QN/Block) 	Elapsed: 0.015	Loglikelihood: -42582.6	(delta): 5.88503
16 (QN/Block) 	Elapsed: 0.015	Loglikelihood: -42579.5	(delta): 3.1407
17 (QN/Block) 	Elapsed: 0.014	Loglikelihood: -42575.1	(delta): 4.33475
18 (QN/Block) 	Elapsed: 0.014	Loglikelihood: -42569.1	(delta): 6.0137
19 (QN/Block) 	Elapsed: 0.015	Loglikelihood: -42565.9	(delta): 3.19937
20 (QN/Block) 	Elapsed: 0.015	Loglikelihood: -42563.2	(delta): 2.6974
21 (QN/Block) 	Elapsed: 0.014	Loglikelihood: -42562	(delta): 1.21846
22 (QN/Block) 	Elapsed: 0.019	Loglikelihood: -42560.7	(delta): 1.24455
23 (QN/Block) 	Elapsed: 0.022	Loglikelihood: -42560.5	(delta): 0.251171
24 (QN/Block) 	Elapsed: 0.018	Loglikelihood: -42560	(delta): 0.496024
25 (QN/Block) 	Elapsed: 0.017	Loglikelihood: -42559.9	(delta): 0.0839684
26 (QN/Block) 	Elapsed: 0.015	Loglikelihood: -42559.9	(delta): 0.0400944
27 (QN/Block) 	Elapsed: 0.015	Loglikelihood: -42559.8	(delta): 0.0454316
28 (QN/Block) 	Elapsed: 0.014	Loglikelihood: -42559.8	(delta): 0.0769349
29 (QN/Block) 	Elapsed: 0.015	Loglikelihood: -42559.5	(delta): 0.228853
30 (QN/Block) 	Elapsed: 0.015	Loglikelihood: -42559.5	(delta): 0.0337771
31 (QN/Block) 	Elapsed: 0.015	Loglikelihood: -42559.5	(delta): 0.00828622
32 (QN/Block) 	Elapsed: 0.015	Loglikelihood: -42559.5	(delta): 0.00168728
33 (QN/Block) 	Elapsed: 0.014	Loglikelihood: -42559.5	(delta): 0.000810845
34 (QN/Block) 	Elapsed: 0.014	Loglikelihood: -42559.5	(delta): 0.000153109
35 (QN/Block) 	Elapsed: 0.014	Loglikelihood: -42559.5	(delta): 4.71614e-05
Summary: 
Converged in 35 iterations (0.59 sec)
Loglikelihood: -42559.482288
Fst divergences between estimated populations: 
	Pop0	Pop1	Pop2	
Pop0	
Pop1	0.112	
Pop2	0.083	0.120	
Pop3	0.114	0.115	0.095	
CV error (K=4): 0.43485
Writing output files.
