****                   ADMIXTURE Version 1.3.0                  ****
****                    Copyright 2008-2015                     ****
****           David Alexander, Suyash Shringarpure,            ****
****                John  Novembre, Ken Lange                   ****
****                                                            ****
****                 Please cite our paper!                     ****
****   Information at www.genetics.ucla.edu/software/admixture  ****

Cross-validation will be performed.  Folds=10.
Random seed: 1739379811
Point estimation method: Block relaxation algorithm
Convergence acceleration algorithm: QuasiNewton, 3 secant conditions
Point estimation will terminate when objective function delta < 0.0001
Estimation of standard errors disabled; will compute point estimates only.
Size of G: 96x743
Performing five EM steps to prime main algorithm
1 (EM) 	Elapsed: 0.005	Loglikelihood: -47780.5	(delta): 54129.5
2 (EM) 	Elapsed: 0.005	Loglikelihood: -45738.2	(delta): 2042.37
3 (EM) 	Elapsed: 0.005	Loglikelihood: -45232.9	(delta): 505.249
4 (EM) 	Elapsed: 0.005	Loglikelihood: -44923.7	(delta): 309.182
5 (EM) 	Elapsed: 0.005	Loglikelihood: -44699.4	(delta): 224.312
Initial loglikelihood: -44699.4
Starting main algorithm
1 (QN/Block) 	Elapsed: 0.016	Loglikelihood: -42871.3	(delta): 1828.12
2 (QN/Block) 	Elapsed: 0.015	Loglikelihood: -42355.4	(delta): 515.929
3 (QN/Block) 	Elapsed: 0.018	Loglikelihood: -42202.5	(delta): 152.828
4 (QN/Block) 	Elapsed: 0.018	Loglikelihood: -42147.3	(delta): 55.2177
5 (QN/Block) 	Elapsed: 0.016	Loglikelihood: -42119.8	(delta): 27.5599
6 (QN/Block) 	Elapsed: 0.016	Loglikelihood: -42094.9	(delta): 24.8164
7 (QN/Block) 	Elapsed: 0.016	Loglikelihood: -42081.6	(delta): 13.3187
8 (QN/Block) 	Elapsed: 0.016	Loglikelihood: -42071.8	(delta): 9.78649
9 (QN/Block) 	Elapsed: 0.015	Loglikelihood: -42066.3	(delta): 5.55526
10 (QN/Block) 	Elapsed: 0.015	Loglikelihood: -42063.1	(delta): 3.23176
11 (QN/Block) 	Elapsed: 0.016	Loglikelihood: -42059.8	(delta): 3.26182
12 (QN/Block) 	Elapsed: 0.016	Loglikelihood: -42057.1	(delta): 2.6953
13 (QN/Block) 	Elapsed: 0.016	Loglikelihood: -42056	(delta): 1.14013
14 (QN/Block) 	Elapsed: 0.016	Loglikelihood: -42054.6	(delta): 1.37673
15 (QN/Block) 	Elapsed: 0.016	Loglikelihood: -42053.3	(delta): 1.31104
16 (QN/Block) 	Elapsed: 0.017	Loglikelihood: -42052.6	(delta): 0.683971
17 (QN/Block) 	Elapsed: 0.017	Loglikelihood: -42051.8	(delta): 0.793233
18 (QN/Block) 	Elapsed: 0.017	Loglikelihood: -42051.4	(delta): 0.385213
19 (QN/Block) 	Elapsed: 0.017	Loglikelihood: -42051.3	(delta): 0.100124
20 (QN/Block) 	Elapsed: 0.018	Loglikelihood: -42051.2	(delta): 0.146063
21 (QN/Block) 	Elapsed: 0.018	Loglikelihood: -42051	(delta): 0.208603
22 (QN/Block) 	Elapsed: 0.018	Loglikelihood: -42050.8	(delta): 0.159036
23 (QN/Block) 	Elapsed: 0.019	Loglikelihood: -42050.7	(delta): 0.11652
24 (QN/Block) 	Elapsed: 0.021	Loglikelihood: -42050.6	(delta): 0.0748211
25 (QN/Block) 	Elapsed: 0.02	Loglikelihood: -42050.5	(delta): 0.0861993
26 (QN/Block) 	Elapsed: 0.02	Loglikelihood: -42050.4	(delta): 0.109774
27 (QN/Block) 	Elapsed: 0.021	Loglikelihood: -42050.2	(delta): 0.190084
28 (QN/Block) 	Elapsed: 0.02	Loglikelihood: -42049.7	(delta): 0.511265
29 (QN/Block) 	Elapsed: 0.018	Loglikelihood: -42048.3	(delta): 1.39955
30 (QN/Block) 	Elapsed: 0.018	Loglikelihood: -42046.9	(delta): 1.35722
31 (QN/Block) 	Elapsed: 0.018	Loglikelihood: -42046.6	(delta): 0.38931
32 (QN/Block) 	Elapsed: 0.017	Loglikelihood: -42046.3	(delta): 0.295412
33 (QN/Block) 	Elapsed: 0.015	Loglikelihood: -42046.2	(delta): 0.113103
34 (QN/Block) 	Elapsed: 0.016	Loglikelihood: -42046.1	(delta): 0.0825274
35 (QN/Block) 	Elapsed: 0.015	Loglikelihood: -42046	(delta): 0.0519644
36 (QN/Block) 	Elapsed: 0.016	Loglikelihood: -42046	(delta): 0.0186189
37 (QN/Block) 	Elapsed: 0.014	Loglikelihood: -42045.9	(delta): 0.0532419
38 (QN/Block) 	Elapsed: 0.015	Loglikelihood: -42045.9	(delta): 0.0214341
39 (QN/Block) 	Elapsed: 0.017	Loglikelihood: -42045.9	(delta): 0.0101624
40 (QN/Block) 	Elapsed: 0.026	Loglikelihood: -42045.9	(delta): 0.00932684
41 (QN/Block) 	Elapsed: 0.021	Loglikelihood: -42045.9	(delta): 0.00569199
42 (QN/Block) 	Elapsed: 0.018	Loglikelihood: -42045.9	(delta): 0.00541484
43 (QN/Block) 	Elapsed: 0.017	Loglikelihood: -42045.9	(delta): 0.00539451
44 (QN/Block) 	Elapsed: 0.017	Loglikelihood: -42045.9	(delta): 0.00134286
45 (QN/Block) 	Elapsed: 0.014	Loglikelihood: -42045.9	(delta): 0.001704
46 (QN/Block) 	Elapsed: 0.014	Loglikelihood: -42045.9	(delta): 0.000480907
47 (QN/Block) 	Elapsed: 0.014	Loglikelihood: -42045.9	(delta): 5.94027e-05
Summary: 
Converged in 47 iterations (0.891 sec)
Loglikelihood: -42045.883071
Fst divergences between estimated populations: 
	Pop0	Pop1	Pop2	Pop3	
Pop0	
Pop1	0.122	
Pop2	0.067	0.125	
Pop3	0.108	0.082	0.104	
Pop4	0.143	0.137	0.139	0.131	
CV error (K=5): 0.45389
Writing output files.
