PLINK v1.90b6.21 64-bit (19 Oct 2020)
Options in effect:
  --allow-extra-chr
  --double-id
  --extract ../results/Phalepensis.prune.in
  --make-bed
  --out ../results/Phalepensis_pruned
  --pca
  --set-missing-var-ids @_#
  --vcf ../data/Phalepensis_filtSNPs_TARGET_GR_pops.vcf.gz

Hostname: ab71869896ad
Working directory: /home/rstudio/working/Popgen/analysis
Start time: Wed Feb 12 14:16:05 2025

Random number seed: 1739369765
46978 MB RAM detected; reserving 23489 MB for main workspace.
--vcf: ../results/Phalepensis_pruned-temporary.bed +
../results/Phalepensis_pruned-temporary.bim +
../results/Phalepensis_pruned-temporary.fam written.
7740 variants loaded from .bim file.
7740 missing IDs set.
96 people (0 males, 0 females, 96 ambiguous) loaded from .fam.
Ambiguous sex IDs written to ../results/Phalepensis_pruned.nosex .
--extract: 743 variants remaining.
Using up to 11 threads (change this with --threads).
Before main variant filters, 96 founders and 0 nonfounders present.
Calculating allele frequencies... done.
Total genotyping rate is 0.935551.
743 variants and 96 people pass filters and QC.
Note: No phenotypes present.
Relationship matrix calculation complete.
--pca: Results saved to ../results/Phalepensis_pruned.eigenval and
../results/Phalepensis_pruned.eigenvec .
--make-bed to ../results/Phalepensis_pruned.bed +
../results/Phalepensis_pruned.bim + ../results/Phalepensis_pruned.fam ... done.

End time: Wed Feb 12 14:16:05 2025
