PLINK v1.90b6.21 64-bit (19 Oct 2020)
Options in effect:
  --allow-extra-chr
  --double-id
  --geno 0.1
  --make-bed
  --out ../results/pcadapt/Phalepensis_filtSNPs_TARGET_GR_pops
  --set-missing-var-ids @_#
  --vcf ../data/Phalepensis_filtSNPs_TARGET_GR_pops.vcf.gz

Hostname: ab71869896ad
Working directory: /home/rstudio/working/Popgen/analysis
Start time: Wed Feb 12 17:29:47 2025

Random number seed: 1739381387
46978 MB RAM detected; reserving 23489 MB for main workspace.
--vcf: ../results/pcadapt/Phalepensis_filtSNPs_TARGET_GR_pops-temporary.bed +
../results/pcadapt/Phalepensis_filtSNPs_TARGET_GR_pops-temporary.bim +
../results/pcadapt/Phalepensis_filtSNPs_TARGET_GR_pops-temporary.fam written.
7740 variants loaded from .bim file.
7740 missing IDs set.
96 people (0 males, 0 females, 96 ambiguous) loaded from .fam.
Ambiguous sex IDs written to
../results/pcadapt/Phalepensis_filtSNPs_TARGET_GR_pops.nosex .
Using 1 thread (no multithreaded calculations invoked).
Before main variant filters, 96 founders and 0 nonfounders present.
Calculating allele frequencies... done.
Total genotyping rate is 0.771957.
6424 variants removed due to missing genotype data (--geno).
1316 variants and 96 people pass filters and QC.
Note: No phenotypes present.
--make-bed to ../results/pcadapt/Phalepensis_filtSNPs_TARGET_GR_pops.bed +
../results/pcadapt/Phalepensis_filtSNPs_TARGET_GR_pops.bim +
../results/pcadapt/Phalepensis_filtSNPs_TARGET_GR_pops.fam ... done.

End time: Wed Feb 12 17:29:47 2025
